<?xml version="1.0" encoding="UTF-8"?>
<!-- Generated by org.testng.reporters.JUnitXMLReporter -->
<testsuite hostname="DESKTOP-OAMK9L2" ignored="0" name="Test" tests="3" failures="0" timestamp="04 Aug 2018 10:48:30 GMT" time="33.774" errors="0">
  <testcase name="login" time="19.51" classname="gridScripts.Leaftaps"/>
  <testcase name="frame" time="31.311" classname="gridScripts.JqueryUi"/>
  <testcase name="crystalCruises" time="33.706" classname="gridScripts.CrystalCruises"/>
</testsuite> <!-- Test -->
