<?xml version="1.0" encoding="UTF-8"?>
<testng-results skipped="0" failed="0" ignored="0" total="3" passed="3">
  <reporter-output>
  </reporter-output>
  <suite name="Suite" duration-ms="33774" started-at="2018-08-04T10:47:56Z" finished-at="2018-08-04T10:48:30Z">
    <groups>
    </groups>
    <test name="Test" duration-ms="33774" started-at="2018-08-04T10:47:56Z" finished-at="2018-08-04T10:48:30Z">
      <class name="gridScripts.CrystalCruises">
        <test-method status="PASS" signature="crystalCruises()[pri:0, instance:gridScripts.CrystalCruises@1fffcd7]" name="crystalCruises" duration-ms="33706" started-at="2018-08-04T10:47:56Z" finished-at="2018-08-04T10:48:30Z">
          <reporter-output>
          </reporter-output>
        </test-method> <!-- crystalCruises -->
      </class> <!-- gridScripts.CrystalCruises -->
      <class name="gridScripts.Leaftaps">
        <test-method status="PASS" signature="login()[pri:0, instance:gridScripts.Leaftaps@18067a5]" name="login" duration-ms="19510" started-at="2018-08-04T10:47:56Z" finished-at="2018-08-04T10:48:16Z">
          <reporter-output>
          </reporter-output>
        </test-method> <!-- login -->
      </class> <!-- gridScripts.Leaftaps -->
      <class name="gridScripts.JqueryUi">
        <test-method status="PASS" signature="frame()[pri:0, instance:gridScripts.JqueryUi@1ef45e3]" name="frame" duration-ms="31311" started-at="2018-08-04T10:47:56Z" finished-at="2018-08-04T10:48:28Z">
          <reporter-output>
          </reporter-output>
        </test-method> <!-- frame -->
      </class> <!-- gridScripts.JqueryUi -->
    </test> <!-- Test -->
  </suite> <!-- Suite -->
</testng-results>
